<?xml version="1.0" encoding="UTF-8"?>
<robot generator="Robot 4.1 (Python 3.7.4 on win32)" generated="20211126 19:22:24.012" rpa="false" schemaversion="2">
<suite id="s1" name="IST GAMMA UNI" source="C:\Users\amberb\PycharmProjects\Halo-Gamma\Test\IST_GAMMA_UNI.robot">
<test id="s1-t1" name="Push CNOD Request">
<kw name="Update Xml Uni" library="UpdateXml">
<arg>${a}</arg>
<status status="PASS" starttime="20211126 19:22:24.896" endtime="20211126 19:22:24.900"/>
</kw>
<kw name="Create SOAP Client" library="SoapLibrary">
<arg>http://zltv9973.vci.att.com:41400/ORDERING_PORTFOLIO/CustomerOrderEstablishment?wsdl</arg>
<doc>Loads a WSDL from the given URL and creates a Zeep client.
List all Available operations/methods with INFO log level.</doc>
<msg timestamp="20211126 19:22:26.823" level="INFO">Connected to: http://zltv9973.vci.att.com:41400/ORDERING_PORTFOLIO/CustomerOrderEstablishment?wsdl</msg>
<msg timestamp="20211126 19:22:26.823" level="INFO">Available operations: dict_keys(['cancelAndCloneProductOrder', 'createProductOrderForExistingProduct', 'createProductOrderForNewProduct', 'updateProductOrder'])</msg>
<status status="PASS" starttime="20211126 19:22:24.901" endtime="20211126 19:22:26.823"/>
</kw>
<kw name="Call SOAP Method With XML" library="SoapLibrary">
<var>${response}</var>
<arg>C://Users//amberb//PycharmProjects//Halo-Gamma//xmls//requests//CNOD_UNI_NS.xml</arg>
<doc>Send an XML file as a request to the SOAP client. The path to the Request XML file is required as argument,
the SOAP method is inside the XML file.</doc>
<msg timestamp="20211126 19:22:29.857" level="INFO">${response} = &lt;Element {http://schemas.xmlsoap.org/soap/envelope/}Envelope at 0x20ea10d0f08&gt;</msg>
<status status="PASS" starttime="20211126 19:22:26.823" endtime="20211126 19:22:29.857"/>
</kw>
<kw name="Save XML To File" library="SoapLibrary">
<arg>${response}</arg>
<arg>C://Users//amberb//PycharmProjects//Halo-Gamma//xmls//response</arg>
<arg>CNOD_UNI_NS_Response</arg>
<doc>Save the webservice response as a XML file.</doc>
<status status="PASS" starttime="20211126 19:22:29.858" endtime="20211126 19:22:29.860"/>
</kw>
<kw name="Copy File" library="OperatingSystem">
<arg>C://Users//amberb//PycharmProjects//Halo-Gamma//xmls//response//CNOD_UNI_NS_Response.xml</arg>
<arg>C://Users//amberb//PycharmProjects//Halo-Gamma//xmls//response//CNOD_UNI_NS_Response.txt</arg>
<doc>Copies the source file into the destination.</doc>
<msg timestamp="20211126 19:22:29.878" level="INFO" html="true">Copied file from '&lt;a href="file://C:\Users\amberb\PycharmProjects\Halo-Gamma\xmls\response\CNOD_UNI_NS_Response.xml"&gt;C:\Users\amberb\PycharmProjects\Halo-Gamma\xmls\response\CNOD_UNI_NS_Response.xml&lt;/a&gt;' to '&lt;a href="file://C:\Users\amberb\PycharmProjects\Halo-Gamma\xmls\response\CNOD_UNI_NS_Response.txt"&gt;C:\Users\amberb\PycharmProjects\Halo-Gamma\xmls\response\CNOD_UNI_NS_Response.txt&lt;/a&gt;'.</msg>
<status status="PASS" starttime="20211126 19:22:29.861" endtime="20211126 19:22:29.878"/>
</kw>
<status status="PASS" starttime="20211126 19:22:24.894" endtime="20211126 19:22:29.879"/>
</test>
<doc>To create GAMMA UNI Orders.</doc>
<status status="PASS" starttime="20211126 19:22:24.016" endtime="20211126 19:22:29.881"/>
</suite>
<statistics>
<total>
<stat pass="1" fail="0" skip="0">All Tests</stat>
</total>
<tag>
</tag>
<suite>
<stat pass="1" fail="0" skip="0" id="s1" name="IST GAMMA UNI">IST GAMMA UNI</stat>
</suite>
</statistics>
<errors>
</errors>
</robot>
