<?xml version="1.0" encoding="UTF-8"?>
<robot generator="Robot 7.0.1 (Python 3.9.13 on win32)" generated="2024-07-02T02:38:33.353333" rpa="false" schemaversion="5">
<suite id="s1" name="IST GAMMA UNI" source="c:\Users\DELL\Downloads\Halo-Gamma\Test\IST_GAMMA_UNI.robot">
<test id="s1-t1" name="Push UNI CNOD Request" line="23">
<kw name="Update Xml Uni" owner="UpdateXml">
<arg>${isPmtu}</arg>
<arg>${isAdx}</arg>
<arg>${stateRegion1}</arg>
<arg>${stateRegion2}</arg>
<status status="PASS" start="2024-07-02T02:38:33.873029" elapsed="0.019796"/>
</kw>
<kw name="Log To Console" owner="BuiltIn">
<arg>${stateRegion1}</arg>
<doc>Logs the given message to the console.</doc>
<status status="PASS" start="2024-07-02T02:38:33.893822" elapsed="0.001996"/>
</kw>
<kw name="Create SOAP Client" owner="SoapLibrary">
<msg time="2024-07-02T02:38:34.352795" level="FAIL">ConnectionError: HTTPConnectionPool(host='zltv9973.vci.att.com', port=41400): Max retries exceeded with url: /ORDERING_PORTFOLIO/CustomerOrderEstablishment?wsdl (Caused by NewConnectionError('&lt;urllib3.connection.HTTPConnection object at 0x000001588EC96D30&gt;: Failed to establish a new connection: [Errno 11001] getaddrinfo failed'))</msg>
<arg>http://zltv9973.vci.att.com:41400/ORDERING_PORTFOLIO/CustomerOrderEstablishment?wsdl</arg>
<doc>Loads a WSDL from the given ``url`` and creates a Zeep client.
List all Available operations/methods with INFO log level.</doc>
<status status="FAIL" start="2024-07-02T02:38:33.897812" elapsed="0.535909">ConnectionError: HTTPConnectionPool(host='zltv9973.vci.att.com', port=41400): Max retries exceeded with url: /ORDERING_PORTFOLIO/CustomerOrderEstablishment?wsdl (Caused by NewConnectionError('&lt;urllib3.connection.HTTPConnection object at 0x000001588EC96D30&gt;: Failed to establish a new connection: [Errno 11001] getaddrinfo failed'))</status>
</kw>
<kw name="Call SOAP Method With XML" owner="SoapLibrary">
<var>${response}</var>
<arg>xmls//requests//CNOD_UNI_NS.xml</arg>
<doc>Send an XML file as a request to the SOAP client. The path to the Request XML file is required as argument,
the SOAP method is inside the XML file.</doc>
<status status="NOT RUN" start="2024-07-02T02:38:34.433721" elapsed="0.000000"/>
</kw>
<kw name="Save XML To File" owner="SoapLibrary">
<arg>${response}</arg>
<arg>xmls//response</arg>
<arg>CNOD_UNI_NS_Response</arg>
<doc>Save the webservice response as an XML file.</doc>
<status status="NOT RUN" start="2024-07-02T02:38:34.433721" elapsed="0.000000"/>
</kw>
<kw name="Copy File" owner="OperatingSystem">
<arg>xmls//response//CNOD_UNI_NS_Response.xml</arg>
<arg>xmls//response//CNOD_UNI_NS_Response.txt</arg>
<doc>Copies the source file into the destination.</doc>
<status status="NOT RUN" start="2024-07-02T02:38:34.450637" elapsed="0.000000"/>
</kw>
<status status="FAIL" start="2024-07-02T02:38:33.868044" elapsed="0.582593">ConnectionError: HTTPConnectionPool(host='zltv9973.vci.att.com', port=41400): Max retries exceeded with url: /ORDERING_PORTFOLIO/CustomerOrderEstablishment?wsdl (Caused by NewConnectionError('&lt;urllib3.connection.HTTPConnection object at 0x000001588EC96D30&gt;: Failed to establish a new connection: [Errno 11001] getaddrinfo failed'))</status>
</test>
<doc>To create GAMMA Orders.</doc>
<status status="FAIL" start="2024-07-02T02:38:33.373240" elapsed="1.084703"/>
</suite>
<statistics>
<total>
<stat pass="0" fail="1" skip="0">All Tests</stat>
</total>
<tag>
</tag>
<suite>
<stat pass="0" fail="1" skip="0" id="s1" name="IST GAMMA UNI">IST GAMMA UNI</stat>
</suite>
</statistics>
<errors>
</errors>
</robot>
